<?xml version="1.0" encoding="UTF-8"?>
<!-- Generated by org.testng.reporters.JUnitReportReporter -->
<testsuite hostname="PavithraSujith" failures="0" tests="1" name="ExentReport.Program" time="7.509" errors="0" timestamp="2023-12-23T14:43:27 IST" skipped="0">
  <testcase classname="ExentReport.Program" name="report" time="7.509"/>
  <system-out/>
</testsuite> <!-- ExentReport.Program -->
