<?xml version="1.0" encoding="UTF-8"?>
<!-- Generated by org.testng.reporters.JUnitReportReporter -->
<testsuite hostname="PavithraSujith" failures="0" tests="1" name="Project.AmazonTest" time="13.106" errors="0" timestamp="2023-12-20T15:04:18 IST" skipped="0">
  <testcase classname="Project.AmazonTest" name="Pgrm1" time="13.106"/>
  <system-out>
Royel Enfield Executed  </system-out>
</testsuite> <!-- Project.AmazonTest -->
