<?xml version="1.0" encoding="UTF-8"?>
<!-- Generated by org.testng.reporters.JUnitReportReporter -->
<testsuite hostname="PavithraSujith" failures="0" tests="1" name="Project.demowebShopTest" time="10.537" errors="0" timestamp="2023-12-20T15:33:09 IST" skipped="0">
  <testcase classname="Project.demowebShopTest" name="Pgrm1" time="10.537"/>
  <system-out>
Demo Web Shop Executed  </system-out>
</testsuite> <!-- Project.demowebShopTest -->
